<?xml version="1.0" encoding="UTF-8"?>
<!-- Generated by org.testng.reporters.JUnitReportReporter -->
<testsuite hostname="DESKTOP-TCG73GU" name="testnetmatrix.Registerpage" tests="2" failures="0" timestamp="12 Sep 2017 00:26:19 GMT" time="9.630" errors="0">
  <testcase name="Teamselectpage" time="3.325" classname="testnetmatrix.Registerpage"/>
  <testcase name="Createaccount" time="6.305" classname="testnetmatrix.Registerpage"/>
</testsuite> <!-- testnetmatrix.Registerpage -->
