<?xml version="1.0" encoding="UTF-8"?>
<!-- Generated by org.testng.reporters.JUnitReportReporter -->
<testsuite hostname="DESKTOP-TCG73GU" name="testnetmatrix.basetest" tests="1" failures="0" timestamp="12 Sep 2017 00:51:19 GMT" time="0.306" errors="0">
  <testcase name="verifyclickmail" time="0.306" classname="testnetmatrix.basetest"/>
</testsuite> <!-- testnetmatrix.basetest -->
