<?xml version="1.0" encoding="UTF-8"?>
<!-- Generated by org.testng.reporters.JUnitReportReporter -->
<testsuite hostname="DESKTOP-TCG73GU" name="testnetmatrix_test.Logintest" tests="1" failures="0" timestamp="15 Sep 2017 10:20:30 GMT" time="4.515" errors="0">
  <testcase name="loggedin" time="4.515" classname="testnetmatrix_test.Logintest"/>
</testsuite> <!-- testnetmatrix_test.Logintest -->
